                                 E T A B S (R)                                  

                                  Version 8.070                                 

                            Copyright (C) 1984-2002                             
                         COMPUTERS AND STRUCTURES, INC.                         
                              All rights reserved                               

                 This copy of ETABS is for the exclusive use of                 

                                  THE LICENSEE                                  

           Unauthorized use is in violation of Federal copyright laws           

               It is the responsibility of the user to verify all               
                        results produced by this program                        

                              9 Sep 2008  10:18:41                              
 Program ETABS Version 8.070                                File:simplemodel.OUT
                                                                            Page
                                                                               1

 D I S P L A C E M E N T   D E G R E E S   O F   F R E E D O M

         (A) = Active DOF, equilibrium equation
         (-) = Restrained DOF, reaction computed
         (+) = Constrained DOF
         (>) = External substructure DOF
         ( ) = Null DOF

  JOINTS              UX  UY  UZ  RX  RY  RZ
       1 TO     441    A   A   A   A   A   A
 Program ETABS Version 8.070                                File:simplemodel.OUT
                                                                            Page
                                                                               2


 T O T A L   A S S E M B L E D   J O I N T   M A S S E S

 IN GLOBAL COORDINATES

                  UX          UY          UZ          RX          RY          RZ
   TOTAL     .000000     .000000     .000000     .000000     .000000     .000000


 T O T A L   A C C E L E R A T E D   M A S S   A N D   L O C A T I O N

 TOTAL MASS ACTIVATED BY ACCELERATION LOADS, IN GLOBAL COORDINATES

                  UX          UY          UZ
    MASS     .000000     .000000     .000000
   X-LOC     .000000     .000000     .000000
   Y-LOC     .000000     .000000     .000000
   Z-LOC     .000000     .000000     .000000
 Program ETABS Version 8.070                                File:simplemodel.OUT
                                                                            Page
                                                                               3

 G L O B A L   F O R C E   B A L A N C E

 TOTAL FORCE AND MOMENT AT THE ORIGIN, IN GLOBAL COORDINATES

 LOADDEAD     ------------------    

                  FX          FY          FZ          MX          MY          MZ
 APPLIED     .000000     .000000 -124640.000 -1.1218E+06  1.1742E+06     .000000
 SPRINGS     .000000     .000000  124640.000  1.1218E+06 -1.1742E+06     .000000

   TOTAL     .000000     .000000    1.46E-11    2.33E-10    6.75E-09     .000000

 LOADLIVE     ------------------    

                  FX          FY          FZ          MX          MY          MZ
 APPLIED     .000000     .000000     .000000     .000000     .000000     .000000
 SPRINGS     .000000     .000000     .000000     .000000     .000000     .000000

   TOTAL     .000000     .000000     .000000     .000000     .000000     .000000

 LOADDUMMY    ------------------    

                  FX          FY          FZ          MX          MY          MZ
 APPLIED     .000000     .000000 -324.000000   -2916.000    2916.000     .000000
 SPRINGS     .000000     .000000  324.000000    2916.000   -2916.000     .000000

   TOTAL     .000000     .000000    5.91E-12    7.09E-11   -5.64E-11     .000000
